<?xml version="1.0" encoding="UTF-8"?>
<!-- Generated by org.testng.reporters.JUnitReportReporter -->
<testsuite hostname="DESKTOP-2GAJHUO" failures="0" tests="1" name="demo.Calculator" time="4.486" errors="0" timestamp="2021-08-22T13:24:27 IST" skipped="0">
  <testcase classname="demo.Calculator" name="calciApp" time="4.486"/>
  <system-out/>
</testsuite> <!-- demo.Calculator -->
